0 info it worked if it ends with ok
1 verbose cli [ 'C:\\Program Files\\nodejs\\node.exe',
1 verbose cli   'C:\\Users\\jh\\.npm-packages\\node_modules\\npm\\bin\\npm-cli.js',
1 verbose cli   'run',
1 verbose cli   'coveralls' ]
2 info using npm@3.10.8
3 info using node@v4.6.0
4 verbose run-script [ 'precoveralls', 'coveralls', 'postcoveralls' ]
5 info lifecycle vanilla-code-coverage@1.0.0~precoveralls: vanilla-code-coverage@1.0.0
6 silly lifecycle vanilla-code-coverage@1.0.0~precoveralls: no script for precoveralls, continuing
7 info lifecycle vanilla-code-coverage@1.0.0~coveralls: vanilla-code-coverage@1.0.0
8 verbose lifecycle vanilla-code-coverage@1.0.0~coveralls: unsafe-perm in lifecycle true
9 verbose lifecycle vanilla-code-coverage@1.0.0~coveralls: PATH: C:\Users\jh\.npm-packages\node_modules\npm\bin\node-gyp-bin;C:\Users\jh\work\testing\vanilla-code-coverage\node_modules\.bin;C:\Users\jh\.npm-packages;C:\Users\jh\.npm-packages\bin;C:\Ruby23-x64\bin;C:\Python27;C:\Users\jh\bin;C:\Users\jh\AppData\Local\Programs\Git\mingw64\bin;C:\Users\jh\AppData\Local\Programs\Git\usr\local\bin;C:\Users\jh\AppData\Local\Programs\Git\usr\bin;C:\Users\jh\AppData\Local\Programs\Git\usr\bin;C:\Users\jh\AppData\Local\Programs\Git\mingw64\bin;C:\Users\jh\AppData\Local\Programs\Git\usr\bin;C:\Users\jh\bin;C:\Program Files (x86)\AMD APP\bin\x86_64;C:\Program Files (x86)\AMD APP\bin\x86;C:\Program Files\Common Files\Microsoft Shared\Windows Live;C:\Program Files (x86)\Common Files\Microsoft Shared\Windows Live;C:\WINDOWS\system32;C:\WINDOWS;C:\WINDOWS\System32\Wbem;C:\WINDOWS\System32\WindowsPowerShell\v1.0;C:\Program Files (x86)\ATI Technologies\ATI.ACE\Core-Static;C:\Program Files\Intel\WiFi\bin;C:\Program Files\Common Files\Intel\WirelessCommon;C:\Program Files (x86)\Common Files\Roxio Shared\DLLShared;C:\Program Files (x86)\Common Files\Roxio Shared\OEM\DLLShared;C:\Program Files (x86)\Common Files\Roxio Shared\OEM\12.0\DLLShared;C:\Program Files (x86)\Roxio\OEM\AudioCore;C:\Program Files (x86)\Windows Live\Shared;C:\Users\jh\bin;C:\Users\jh\bin\bat;%ANT_HOME%\bin;C:\Program Files (x86)\GnuWin32\bin;C:\Program Files (x86)\Java\jdk1.7.0_02\bin;C:\Program Files (x86)\Google\google_appengineC;C:\Users\jh\AppData\Local\Programs\Git\Program Files (x86)\QuickTime\QTSystem;C:\Program Files (x86)\Intel\OpenCL SDK\2.0\bin\x86;C:\Program Files (x86)\Intel\OpenCL SDK\2.0\bin\x64;C:\Program Files\nodejs;C:\Users\jh\AppData\Local\Google\Chrome SxS\Application;C:\Program Files (x86)\AMD APP\bin\x86_64;C:\Program Files (x86)\AMD APP\bin\x86;C:\Program Files\Common Files\Microsoft Shared\Windows Live;C:\Program Files (x86)\Common Files\Microsoft Shared\Windows Live;C:\windows\system32;C:\windows;C:\windows\System32\Wbem;C:\windows\System32\WindowsPowerShell\v1.0;C:\Program Files (x86)\ATI Technologies\ATI.ACE\Core-Static;C:\Program Files\Intel\WiFi\bin;C:\Program Files\Common Files\Intel\WirelessCommon;C:\Program Files (x86)\Common Files\Roxio Shared\DLLShared;C:\Program Files (x86)\Common Files\Roxio Shared\OEM\DLLShared;C:\Program Files (x86)\Common Files\Roxio Shared\OEM\12.0\DLLShared;C:\Program Files (x86)\Roxio\OEM\AudioCore;C:\Program Files (x86)\Windows Live\Shared;C:\Users\jh\bin;C:\Users\jh\bin\bat;C:\Users\jh\tools\ant\bin;C:\Program Files (x86)\GnuWin32\bin;C:\Program Files (x86)\Java\jdk1.7.0_02\bin;C:\Program Files (x86)\Calibre2;C:\Program Files (x86)\Google\google_appengineC;C:\Users\jh\AppData\Local\Programs\Git\Program File;C:\Users\jh\AppData\Local\Programs\Git\usr\bin\vendor_perl;C:\Users\jh\AppData\Local\Programs\Git\usr\bin\core_perl;~\scripts
10 verbose lifecycle vanilla-code-coverage@1.0.0~coveralls: CWD: C:\Users\jh\work\testing\vanilla-code-coverage
11 silly lifecycle vanilla-code-coverage@1.0.0~coveralls: Args: [ '/d /s /c', 'cat ./coverage/lcov.info | coveralls' ]
12 silly lifecycle vanilla-code-coverage@1.0.0~coveralls: Returned: code: 1  signal: null
13 info lifecycle vanilla-code-coverage@1.0.0~coveralls: Failed to exec coveralls script
14 verbose stack Error: vanilla-code-coverage@1.0.0 coveralls: `cat ./coverage/lcov.info | coveralls`
14 verbose stack Exit status 1
14 verbose stack     at EventEmitter.<anonymous> (C:\Users\jh\.npm-packages\node_modules\npm\lib\utils\lifecycle.js:255:16)
14 verbose stack     at emitTwo (events.js:87:13)
14 verbose stack     at EventEmitter.emit (events.js:172:7)
14 verbose stack     at ChildProcess.<anonymous> (C:\Users\jh\.npm-packages\node_modules\npm\lib\utils\spawn.js:40:14)
14 verbose stack     at emitTwo (events.js:87:13)
14 verbose stack     at ChildProcess.emit (events.js:172:7)
14 verbose stack     at maybeClose (internal/child_process.js:829:16)
14 verbose stack     at Process.ChildProcess._handle.onexit (internal/child_process.js:211:5)
15 verbose pkgid vanilla-code-coverage@1.0.0
16 verbose cwd C:\Users\jh\work\testing\vanilla-code-coverage
17 error Windows_NT 10.0.14393
18 error argv "C:\\Program Files\\nodejs\\node.exe" "C:\\Users\\jh\\.npm-packages\\node_modules\\npm\\bin\\npm-cli.js" "run" "coveralls"
19 error node v4.6.0
20 error npm  v3.10.8
21 error code ELIFECYCLE
22 error vanilla-code-coverage@1.0.0 coveralls: `cat ./coverage/lcov.info | coveralls`
22 error Exit status 1
23 error Failed at the vanilla-code-coverage@1.0.0 coveralls script 'cat ./coverage/lcov.info | coveralls'.
23 error Make sure you have the latest version of node.js and npm installed.
23 error If you do, this is most likely a problem with the vanilla-code-coverage package,
23 error not with npm itself.
23 error Tell the author that this fails on your system:
23 error     cat ./coverage/lcov.info | coveralls
23 error You can get information on how to open an issue for this project with:
23 error     npm bugs vanilla-code-coverage
23 error Or if that isn't available, you can get their info via:
23 error     npm owner ls vanilla-code-coverage
23 error There is likely additional logging output above.
24 verbose exit [ 1, true ]
